<?xml version="1.0" encoding="utf-8"?><testsuites><testsuite name="pytest" errors="0" failures="0" skipped="0" tests="6" time="0.110" timestamp="2026-05-24T18:23:55.323543" hostname="b0b6b33c90db"><testcase classname="sc2_bridge.test.test_sc2_client" name="test_ping_info_is_normalized_from_controller_response" time="0.010" /><testcase classname="sc2_bridge.test.test_sc2_client" name="test_controller_calls_are_serialized" time="0.082" /><testcase classname="sc2_bridge.test.test_state" name="test_aliases_are_monotonic_and_not_reused" time="0.000" /><testcase classname="sc2_bridge.test.test_state" name="test_discovery_marks_persist_through_fog_and_resolve_on_death" time="0.000" /><testcase classname="sc2_bridge.test.test_state" name="test_discovery_marks_filter_alliances_by_config" time="0.000" /><testcase classname="sc2_bridge.test.test_state" name="test_fogged_marks_can_expire" time="0.000" /></testsuite></testsuites>